c:\users\borutjegrisnik\source\repos\sigar\build-src\sigar.dir\debug\vc142.pdb
c:\users\borutjegrisnik\source\repos\sigar\build-src\sigar.dir\debug\sigar_util.obj
c:\users\borutjegrisnik\source\repos\sigar\build-src\sigar.dir\debug\sigar_signal.obj
c:\users\borutjegrisnik\source\repos\sigar\build-src\sigar.dir\debug\sigar_ptql.obj
c:\users\borutjegrisnik\source\repos\sigar\build-src\sigar.dir\debug\sigar_getline.obj
c:\users\borutjegrisnik\source\repos\sigar\build-src\sigar.dir\debug\sigar_format.obj
c:\users\borutjegrisnik\source\repos\sigar\build-src\sigar.dir\debug\sigar_fileinfo.obj
c:\users\borutjegrisnik\source\repos\sigar\build-src\sigar.dir\debug\sigar_cache.obj
c:\users\borutjegrisnik\source\repos\sigar\build-src\sigar.dir\debug\sigar.obj
c:\users\borutjegrisnik\source\repos\sigar\build-src\sigar.dir\debug\win32_sigar.obj
c:\users\borutjegrisnik\source\repos\sigar\build-src\sigar.dir\debug\peb.obj
c:\users\borutjegrisnik\source\repos\sigar\build-src\cmakefiles\generate.stamp
c:\users\borutjegrisnik\source\repos\sigar\build-src\debug\sigar.pdb
c:\users\borutjegrisnik\source\repos\sigar\build-src\sigar.dir\debug\sigar.tlog\cl.command.1.tlog
c:\users\borutjegrisnik\source\repos\sigar\build-src\sigar.dir\debug\sigar.tlog\cl.read.1.tlog
c:\users\borutjegrisnik\source\repos\sigar\build-src\sigar.dir\debug\sigar.tlog\cl.write.1.tlog
c:\users\borutjegrisnik\source\repos\sigar\build-src\sigar.dir\debug\sigar.tlog\custombuild.command.1.tlog
c:\users\borutjegrisnik\source\repos\sigar\build-src\sigar.dir\debug\sigar.tlog\custombuild.read.1.tlog
c:\users\borutjegrisnik\source\repos\sigar\build-src\sigar.dir\debug\sigar.tlog\custombuild.write.1.tlog
c:\users\borutjegrisnik\source\repos\sigar\build-src\sigar.dir\debug\sigar.tlog\link-cvtres.read.1.tlog
c:\users\borutjegrisnik\source\repos\sigar\build-src\sigar.dir\debug\sigar.tlog\link-cvtres.write.1.tlog
c:\users\borutjegrisnik\source\repos\sigar\build-src\sigar.dir\debug\sigar.tlog\link-rc.read.1.tlog
c:\users\borutjegrisnik\source\repos\sigar\build-src\sigar.dir\debug\sigar.tlog\link-rc.write.1.tlog
c:\users\borutjegrisnik\source\repos\sigar\build-src\sigar.dir\debug\sigar.tlog\link.command.1.tlog
c:\users\borutjegrisnik\source\repos\sigar\build-src\sigar.dir\debug\sigar.tlog\link.read.1.tlog
c:\users\borutjegrisnik\source\repos\sigar\build-src\sigar.dir\debug\sigar.tlog\link.read.2.tlog
c:\users\borutjegrisnik\source\repos\sigar\build-src\sigar.dir\debug\sigar.tlog\link.write.1.tlog
